<?xml version="1.0" encoding="UTF-8"?>
<!-- Generated by org.testng.reporters.JUnitXMLReporter -->
<testsuite ignored="0" hostname="TLP1139" failures="0" tests="6" name="Test" time="0.087" errors="0" timestamp="2023-09-30T10:17:56 IST">
  <testcase classname="testCases.basicTest" name="firsttest" time="0.011"/>
  <testcase classname="testCases.basicTest" name="secondtest" time="0.002"/>
  <testcase classname="testCases.basicTest" name="thirdtest" time="0.002"/>
  <testcase classname="testCases.advanceTest" name="fifthtest" time="0.001"/>
  <testcase classname="testCases.advanceTest" name="fourthtest" time="0.002"/>
  <testcase classname="testCases.advanceTest" name="sixthtest" time="0.002"/>
</testsuite> <!-- Test -->
