<?xml version="1.0" encoding="UTF-8"?>
<testng-results ignored="0" total="3" passed="3" failed="0" skipped="0">
  <reporter-output>
  </reporter-output>
  <suite started-at="2023-10-02T17:08:09 IST" name="Suite" finished-at="2023-10-02T17:08:09 IST" duration-ms="102">
    <groups>
    </groups>
    <test started-at="2023-10-02T17:08:09 IST" name="Test" finished-at="2023-10-02T17:08:09 IST" duration-ms="102">
      <class name="testCases.basicTest">
        <test-method signature="firsttest()[pri:0, instance:testCases.basicTest@7fa98a66]" started-at="2023-10-02T17:08:09 IST" name="firsttest" finished-at="2023-10-02T17:08:09 IST" duration-ms="10" status="PASS">
          <reporter-output>
          </reporter-output>
        </test-method> <!-- firsttest -->
        <test-method signature="secondtest()[pri:0, instance:testCases.basicTest@7fa98a66]" started-at="2023-10-02T17:08:09 IST" name="secondtest" finished-at="2023-10-02T17:08:09 IST" duration-ms="0" status="PASS">
          <reporter-output>
          </reporter-output>
        </test-method> <!-- secondtest -->
        <test-method signature="thirdtest()[pri:0, instance:testCases.basicTest@7fa98a66]" started-at="2023-10-02T17:08:09 IST" name="thirdtest" finished-at="2023-10-02T17:08:09 IST" duration-ms="2" status="PASS">
          <reporter-output>
          </reporter-output>
        </test-method> <!-- thirdtest -->
      </class> <!-- testCases.basicTest -->
    </test> <!-- Test -->
  </suite> <!-- Suite -->
</testng-results>
