<?xml version="1.0" encoding="UTF-8"?>
<testng-results ignored="0" total="1" passed="1" failed="0" skipped="0">
  <reporter-output>
  </reporter-output>
  <suite started-at="2023-09-16T09:57:39 IST" name="Default suite" finished-at="2023-09-16T09:58:42 IST" duration-ms="63106">
    <groups>
    </groups>
    <test started-at="2023-09-16T09:57:39 IST" name="Default test" finished-at="2023-09-16T09:58:42 IST" duration-ms="63106">
      <class name="testCases.BaseTest">
        <test-method signature="demo()[pri:0, instance:testCases.BaseTest@2a798d51]" started-at="2023-09-16T09:57:39 IST" name="demo" finished-at="2023-09-16T09:58:42 IST" duration-ms="63052" status="PASS">
          <reporter-output>
          </reporter-output>
        </test-method> <!-- demo -->
      </class> <!-- testCases.BaseTest -->
    </test> <!-- Default test -->
  </suite> <!-- Default suite -->
</testng-results>
